Determining if the pthread_create exist failed with the following output:
Change Dir: /home/nvidia/lw_temp/bmp_to_jpg/build/CMakeFiles/CMakeTmp

Run Build Command(s):/usr/bin/make cmTC_097f9/fast 
/usr/bin/make -f CMakeFiles/cmTC_097f9.dir/build.make CMakeFiles/cmTC_097f9.dir/build
make[1]: Entering directory '/home/nvidia/lw_temp/bmp_to_jpg/build/CMakeFiles/CMakeTmp'
Building C object CMakeFiles/cmTC_097f9.dir/CheckSymbolExists.c.o
/usr/bin/cc   -fPIC    -o CMakeFiles/cmTC_097f9.dir/CheckSymbolExists.c.o   -c /home/nvidia/lw_temp/bmp_to_jpg/build/CMakeFiles/CMakeTmp/CheckSymbolExists.c
Linking C executable cmTC_097f9
/usr/local/bin/cmake -E cmake_link_script CMakeFiles/cmTC_097f9.dir/link.txt --verbose=1
/usr/bin/cc -fPIC     CMakeFiles/cmTC_097f9.dir/CheckSymbolExists.c.o  -o cmTC_097f9 
CMakeFiles/cmTC_097f9.dir/CheckSymbolExists.c.o: In function `main':
CheckSymbolExists.c:(.text+0x14): undefined reference to `pthread_create'
CheckSymbolExists.c:(.text+0x18): undefined reference to `pthread_create'
collect2: error: ld returned 1 exit status
CMakeFiles/cmTC_097f9.dir/build.make:86: recipe for target 'cmTC_097f9' failed
make[1]: *** [cmTC_097f9] Error 1
make[1]: Leaving directory '/home/nvidia/lw_temp/bmp_to_jpg/build/CMakeFiles/CMakeTmp'
Makefile:121: recipe for target 'cmTC_097f9/fast' failed
make: *** [cmTC_097f9/fast] Error 2

File /home/nvidia/lw_temp/bmp_to_jpg/build/CMakeFiles/CMakeTmp/CheckSymbolExists.c:
/* */
#include <pthread.h>

int main(int argc, char** argv)
{
  (void)argv;
#ifndef pthread_create
  return ((int*)(&pthread_create))[argc];
#else
  (void)argc;
  return 0;
#endif
}

Determining if the function pthread_create exists in the pthreads failed with the following output:
Change Dir: /home/nvidia/lw_temp/bmp_to_jpg/build/CMakeFiles/CMakeTmp

Run Build Command(s):/usr/bin/make cmTC_47923/fast 
/usr/bin/make -f CMakeFiles/cmTC_47923.dir/build.make CMakeFiles/cmTC_47923.dir/build
make[1]: Entering directory '/home/nvidia/lw_temp/bmp_to_jpg/build/CMakeFiles/CMakeTmp'
Building C object CMakeFiles/cmTC_47923.dir/CheckFunctionExists.c.o
/usr/bin/cc   -fPIC -DCHECK_FUNCTION_EXISTS=pthread_create   -o CMakeFiles/cmTC_47923.dir/CheckFunctionExists.c.o   -c /usr/local/share/cmake-3.14/Modules/CheckFunctionExists.c
Linking C executable cmTC_47923
/usr/local/bin/cmake -E cmake_link_script CMakeFiles/cmTC_47923.dir/link.txt --verbose=1
/usr/bin/cc -fPIC -DCHECK_FUNCTION_EXISTS=pthread_create    CMakeFiles/cmTC_47923.dir/CheckFunctionExists.c.o  -o cmTC_47923 -lpthreads 
/usr/bin/ld: cannot find -lpthreads
collect2: error: ld returned 1 exit status
CMakeFiles/cmTC_47923.dir/build.make:86: recipe for target 'cmTC_47923' failed
make[1]: *** [cmTC_47923] Error 1
make[1]: Leaving directory '/home/nvidia/lw_temp/bmp_to_jpg/build/CMakeFiles/CMakeTmp'
Makefile:121: recipe for target 'cmTC_47923/fast' failed
make: *** [cmTC_47923/fast] Error 2


